c:\users\kristian\source\repos\lbe_dhm_combatsimulator\lbe_dhm_combatsimulator\x64\release\vc141.pdb
c:\users\kristian\source\repos\lbe_dhm_combatsimulator\lbe_dhm_combatsimulator\x64\release\sceneobject.obj
c:\users\kristian\source\repos\lbe_dhm_combatsimulator\lbe_dhm_combatsimulator\x64\release\savelevelpanel.obj
c:\users\kristian\source\repos\lbe_dhm_combatsimulator\lbe_dhm_combatsimulator\x64\release\progressbar.obj
c:\users\kristian\source\repos\lbe_dhm_combatsimulator\lbe_dhm_combatsimulator\x64\release\pointinterpolator.obj
c:\users\kristian\source\repos\lbe_dhm_combatsimulator\lbe_dhm_combatsimulator\x64\release\networkmanager.obj
c:\users\kristian\source\repos\lbe_dhm_combatsimulator\lbe_dhm_combatsimulator\x64\release\menustate.obj
c:\users\kristian\source\repos\lbe_dhm_combatsimulator\lbe_dhm_combatsimulator\x64\release\log.obj
c:\users\kristian\source\repos\lbe_dhm_combatsimulator\lbe_dhm_combatsimulator\x64\release\levelmanager.obj
c:\users\kristian\source\repos\lbe_dhm_combatsimulator\lbe_dhm_combatsimulator\x64\release\leveleditorstate.obj
c:\users\kristian\source\repos\lbe_dhm_combatsimulator\lbe_dhm_combatsimulator\x64\release\leveleditorsidepanel.obj
c:\users\kristian\source\repos\lbe_dhm_combatsimulator\lbe_dhm_combatsimulator\x64\release\level.obj
c:\users\kristian\source\repos\lbe_dhm_combatsimulator\lbe_dhm_combatsimulator\x64\release\imgui_widgets.obj
c:\users\kristian\source\repos\lbe_dhm_combatsimulator\lbe_dhm_combatsimulator\x64\release\imgui_draw.obj
c:\users\kristian\source\repos\lbe_dhm_combatsimulator\lbe_dhm_combatsimulator\x64\release\imgui_demo.obj
c:\users\kristian\source\repos\lbe_dhm_combatsimulator\lbe_dhm_combatsimulator\x64\release\imguiteststate.obj
c:\users\kristian\source\repos\lbe_dhm_combatsimulator\lbe_dhm_combatsimulator\x64\release\imgui.obj
c:\users\kristian\source\repos\lbe_dhm_combatsimulator\lbe_dhm_combatsimulator\x64\release\imgui-sfml.obj
c:\users\kristian\source\repos\lbe_dhm_combatsimulator\lbe_dhm_combatsimulator\x64\release\camera.obj
c:\users\kristian\source\repos\lbe_dhm_combatsimulator\lbe_dhm_combatsimulator\x64\release\button.obj
c:\users\kristian\source\repos\lbe_dhm_combatsimulator\lbe_dhm_combatsimulator\x64\release\app.obj
c:\users\kristian\source\repos\lbe_dhm_combatsimulator\lbe_dhm_combatsimulator\x64\release\tile.obj
c:\users\kristian\source\repos\lbe_dhm_combatsimulator\lbe_dhm_combatsimulator\x64\release\textureloader.obj
c:\users\kristian\source\repos\lbe_dhm_combatsimulator\lbe_dhm_combatsimulator\x64\release\textbox.obj
c:\users\kristian\source\repos\lbe_dhm_combatsimulator\lbe_dhm_combatsimulator\x64\release\statetemplate.obj
c:\users\kristian\source\repos\lbe_dhm_combatsimulator\lbe_dhm_combatsimulator\x64\release\statemachine.obj
c:\users\kristian\source\repos\lbe_dhm_combatsimulator\lbe_dhm_combatsimulator\x64\release\state.obj
c:\users\kristian\source\repos\lbe_dhm_combatsimulator\lbe_dhm_combatsimulator\x64\release\source.obj
c:\users\kristian\source\repos\lbe_dhm_combatsimulator\lbe_dhm_combatsimulator\x64\release\sceneobjectplaceableineditor.obj
c:\users\kristian\source\repos\lbe_dhm_combatsimulator\lbe_dhm_combatsimulator\x64\release\sceneobjectfactory.obj
c:\users\kristian\source\repos\lbe_dhm_combatsimulator\lbe_dhm_combatsimulator\x64\release\simulatorstate.obj
c:\users\kristian\source\repos\lbe_dhm_combatsimulator\lbe_dhm_combatsimulator\x64\release\unit.obj
c:\users\kristian\source\repos\lbe_dhm_combatsimulator\lbe_dhm_combatsimulator\x64\release\resources.obj
c:\users\kristian\source\repos\lbe_dhm_combatsimulator\lbe_dhm_combatsimulator\x64\release\player.obj
c:\users\kristian\source\repos\lbe_dhm_combatsimulator\lbe_dhm_combatsimulator\x64\release\enemy.obj
c:\users\kristian\source\repos\lbe_dhm_combatsimulator\lbe_dhm_combatsimulator\x64\release\enemies.obj
c:\users\kristian\source\repos\lbe_dhm_combatsimulator\x64\release\lbe_dhm_combatsimulator.ipdb
c:\users\kristian\source\repos\lbe_dhm_combatsimulator\x64\release\lbe_dhm_combatsimulator.iobj
c:\users\kristian\source\repos\lbe_dhm_combatsimulator\x64\release\lbe_dhm_combatsimulator.exe
c:\users\kristian\source\repos\lbe_dhm_combatsimulator\x64\release\lbe_dhm_combatsimulator.pdb
c:\users\kristian\source\repos\lbe_dhm_combatsimulator\lbe_dhm_combatsimulator\x64\release\lbe_dhm_.e5c8df6a.tlog\cl.command.1.tlog
c:\users\kristian\source\repos\lbe_dhm_combatsimulator\lbe_dhm_combatsimulator\x64\release\lbe_dhm_.e5c8df6a.tlog\cl.read.1.tlog
c:\users\kristian\source\repos\lbe_dhm_combatsimulator\lbe_dhm_combatsimulator\x64\release\lbe_dhm_.e5c8df6a.tlog\cl.write.1.tlog
c:\users\kristian\source\repos\lbe_dhm_combatsimulator\lbe_dhm_combatsimulator\x64\release\lbe_dhm_.e5c8df6a.tlog\lbe_dhm_combatsimulator.write.1u.tlog
c:\users\kristian\source\repos\lbe_dhm_combatsimulator\lbe_dhm_combatsimulator\x64\release\lbe_dhm_.e5c8df6a.tlog\link.command.1.tlog
c:\users\kristian\source\repos\lbe_dhm_combatsimulator\lbe_dhm_combatsimulator\x64\release\lbe_dhm_.e5c8df6a.tlog\link.read.1.tlog
c:\users\kristian\source\repos\lbe_dhm_combatsimulator\lbe_dhm_combatsimulator\x64\release\lbe_dhm_.e5c8df6a.tlog\link.write.1.tlog
