  Enemy.cpp
c:\users\kristian\source\repos\lbe_dhm_combatsimulator\lbe_dhm_combatsimulator\enemy.cpp(612): warning C4267: 'return': conversion from 'size_t' to 'int', possible loss of data
  Player.cpp
c:\users\kristian\source\repos\lbe_dhm_combatsimulator\lbe_dhm_combatsimulator\player.cpp(553): warning C4244: '=': conversion from 'double' to 'int', possible loss of data
c:\users\kristian\source\repos\lbe_dhm_combatsimulator\lbe_dhm_combatsimulator\player.cpp(561): warning C4244: '=': conversion from 'double' to 'int', possible loss of data
  Source.cpp
c:\users\kristian\source\repos\lbe_dhm_combatsimulator\lbe_dhm_combatsimulator\source.cpp(114): warning C4244: 'argument': conversion from 'time_t' to 'unsigned int', possible loss of data
c:\users\kristian\source\repos\lbe_dhm_combatsimulator\lbe_dhm_combatsimulator\source.cpp(119): warning C4244: 'argument': conversion from 'T' to 'unsigned int', possible loss of data
          with
          [
              T=float
          ]
c:\users\kristian\source\repos\lbe_dhm_combatsimulator\lbe_dhm_combatsimulator\source.cpp(194): warning C4244: 'argument': conversion from 'int' to 'float', possible loss of data
c:\users\kristian\source\repos\lbe_dhm_combatsimulator\lbe_dhm_combatsimulator\source.cpp(527): warning C4244: 'argument': conversion from 'int' to 'float', possible loss of data
  Generating code
  4 of 5762 functions (<0.1%) were compiled, the rest were copied from previous compilation.
    1 functions were new in current compilation
    4 functions had inline decision re-evaluated but remain unchanged
  Finished generating code
  LBE_DHM_CombatSimulator.vcxproj -> C:\Users\Kristian\source\repos\LBE_DHM_CombatSimulator\x64\Release\LBE_DHM_CombatSimulator.exe
