c:\users\kristian\source\repos\lbe_dhm_combatsimulator\lbe_dhm_combatsimulator\x64\debug\vc141.pdb
c:\users\kristian\source\repos\lbe_dhm_combatsimulator\lbe_dhm_combatsimulator\x64\debug\vc141.idb
c:\users\kristian\source\repos\lbe_dhm_combatsimulator\lbe_dhm_combatsimulator\x64\debug\source.obj
c:\users\kristian\source\repos\lbe_dhm_combatsimulator\lbe_dhm_combatsimulator\x64\debug\resources.obj
c:\users\kristian\source\repos\lbe_dhm_combatsimulator\lbe_dhm_combatsimulator\x64\debug\player.obj
c:\users\kristian\source\repos\lbe_dhm_combatsimulator\lbe_dhm_combatsimulator\x64\debug\enemy.obj
c:\users\kristian\source\repos\lbe_dhm_combatsimulator\lbe_dhm_combatsimulator\x64\debug\unit.obj
c:\users\kristian\source\repos\lbe_dhm_combatsimulator\lbe_dhm_combatsimulator\x64\debug\enemies.obj
c:\users\kristian\source\repos\lbe_dhm_combatsimulator\lbe_dhm_combatsimulator\x64\debug\log.obj
c:\users\kristian\source\repos\lbe_dhm_combatsimulator\lbe_dhm_combatsimulator\x64\debug\button.obj
c:\users\kristian\source\repos\lbe_dhm_combatsimulator\lbe_dhm_combatsimulator\x64\debug\camera.obj
c:\users\kristian\source\repos\lbe_dhm_combatsimulator\lbe_dhm_combatsimulator\x64\debug\imgui-sfml.obj
c:\users\kristian\source\repos\lbe_dhm_combatsimulator\lbe_dhm_combatsimulator\x64\debug\imgui.obj
c:\users\kristian\source\repos\lbe_dhm_combatsimulator\lbe_dhm_combatsimulator\x64\debug\imgui_demo.obj
c:\users\kristian\source\repos\lbe_dhm_combatsimulator\lbe_dhm_combatsimulator\x64\debug\imgui_draw.obj
c:\users\kristian\source\repos\lbe_dhm_combatsimulator\lbe_dhm_combatsimulator\x64\debug\imgui_widgets.obj
c:\users\kristian\source\repos\lbe_dhm_combatsimulator\lbe_dhm_combatsimulator\x64\debug\level.obj
c:\users\kristian\source\repos\lbe_dhm_combatsimulator\lbe_dhm_combatsimulator\x64\debug\leveleditorsidepanel.obj
c:\users\kristian\source\repos\lbe_dhm_combatsimulator\lbe_dhm_combatsimulator\x64\debug\leveleditorstate.obj
c:\users\kristian\source\repos\lbe_dhm_combatsimulator\lbe_dhm_combatsimulator\x64\debug\levelmanager.obj
c:\users\kristian\source\repos\lbe_dhm_combatsimulator\lbe_dhm_combatsimulator\x64\debug\menustate.obj
c:\users\kristian\source\repos\lbe_dhm_combatsimulator\lbe_dhm_combatsimulator\x64\debug\networkmanager.obj
c:\users\kristian\source\repos\lbe_dhm_combatsimulator\lbe_dhm_combatsimulator\x64\debug\pointinterpolator.obj
c:\users\kristian\source\repos\lbe_dhm_combatsimulator\lbe_dhm_combatsimulator\x64\debug\progressbar.obj
c:\users\kristian\source\repos\lbe_dhm_combatsimulator\lbe_dhm_combatsimulator\x64\debug\savelevelpanel.obj
c:\users\kristian\source\repos\lbe_dhm_combatsimulator\lbe_dhm_combatsimulator\x64\debug\sceneobject.obj
c:\users\kristian\source\repos\lbe_dhm_combatsimulator\lbe_dhm_combatsimulator\x64\debug\sceneobjectfactory.obj
c:\users\kristian\source\repos\lbe_dhm_combatsimulator\lbe_dhm_combatsimulator\x64\debug\sceneobjectplaceableineditor.obj
c:\users\kristian\source\repos\lbe_dhm_combatsimulator\lbe_dhm_combatsimulator\x64\debug\simulatorstate.obj
c:\users\kristian\source\repos\lbe_dhm_combatsimulator\lbe_dhm_combatsimulator\x64\debug\state.obj
c:\users\kristian\source\repos\lbe_dhm_combatsimulator\lbe_dhm_combatsimulator\x64\debug\statemachine.obj
c:\users\kristian\source\repos\lbe_dhm_combatsimulator\lbe_dhm_combatsimulator\x64\debug\statetemplate.obj
c:\users\kristian\source\repos\lbe_dhm_combatsimulator\lbe_dhm_combatsimulator\x64\debug\textbox.obj
c:\users\kristian\source\repos\lbe_dhm_combatsimulator\lbe_dhm_combatsimulator\x64\debug\textureloader.obj
c:\users\kristian\source\repos\lbe_dhm_combatsimulator\lbe_dhm_combatsimulator\x64\debug\tile.obj
c:\users\kristian\source\repos\lbe_dhm_combatsimulator\lbe_dhm_combatsimulator\x64\debug\lbe_dhm_combatsimulator.res
c:\users\kristian\source\repos\lbe_dhm_combatsimulator\x64\debug\lbe_dhm_combatsimulator.pdb
c:\users\kristian\source\repos\lbe_dhm_combatsimulator\lbe_dhm_combatsimulator\x64\debug\lbe_dhm_.e5c8df6a.tlog\cl.command.1.tlog
c:\users\kristian\source\repos\lbe_dhm_combatsimulator\lbe_dhm_combatsimulator\x64\debug\lbe_dhm_.e5c8df6a.tlog\cl.read.1.tlog
c:\users\kristian\source\repos\lbe_dhm_combatsimulator\lbe_dhm_combatsimulator\x64\debug\lbe_dhm_.e5c8df6a.tlog\cl.write.1.tlog
c:\users\kristian\source\repos\lbe_dhm_combatsimulator\lbe_dhm_combatsimulator\x64\debug\lbe_dhm_.e5c8df6a.tlog\link-cvtres.read.1.tlog
c:\users\kristian\source\repos\lbe_dhm_combatsimulator\lbe_dhm_combatsimulator\x64\debug\lbe_dhm_.e5c8df6a.tlog\link-cvtres.write.1.tlog
c:\users\kristian\source\repos\lbe_dhm_combatsimulator\lbe_dhm_combatsimulator\x64\debug\lbe_dhm_.e5c8df6a.tlog\link-rc.read.1.tlog
c:\users\kristian\source\repos\lbe_dhm_combatsimulator\lbe_dhm_combatsimulator\x64\debug\lbe_dhm_.e5c8df6a.tlog\link-rc.write.1.tlog
c:\users\kristian\source\repos\lbe_dhm_combatsimulator\lbe_dhm_combatsimulator\x64\debug\lbe_dhm_.e5c8df6a.tlog\link.12656-cvtres.read.1.tlog
c:\users\kristian\source\repos\lbe_dhm_combatsimulator\lbe_dhm_combatsimulator\x64\debug\lbe_dhm_.e5c8df6a.tlog\link.12656-cvtres.write.1.tlog
c:\users\kristian\source\repos\lbe_dhm_combatsimulator\lbe_dhm_combatsimulator\x64\debug\lbe_dhm_.e5c8df6a.tlog\link.12656-rc.read.1.tlog
c:\users\kristian\source\repos\lbe_dhm_combatsimulator\lbe_dhm_combatsimulator\x64\debug\lbe_dhm_.e5c8df6a.tlog\link.12656-rc.write.1.tlog
c:\users\kristian\source\repos\lbe_dhm_combatsimulator\lbe_dhm_combatsimulator\x64\debug\lbe_dhm_.e5c8df6a.tlog\link.12656.read.1.tlog
c:\users\kristian\source\repos\lbe_dhm_combatsimulator\lbe_dhm_combatsimulator\x64\debug\lbe_dhm_.e5c8df6a.tlog\link.12656.write.1.tlog
c:\users\kristian\source\repos\lbe_dhm_combatsimulator\lbe_dhm_combatsimulator\x64\debug\lbe_dhm_.e5c8df6a.tlog\link.command.1.tlog
c:\users\kristian\source\repos\lbe_dhm_combatsimulator\lbe_dhm_combatsimulator\x64\debug\lbe_dhm_.e5c8df6a.tlog\link.read.1.tlog
c:\users\kristian\source\repos\lbe_dhm_combatsimulator\lbe_dhm_combatsimulator\x64\debug\lbe_dhm_.e5c8df6a.tlog\link.write.1.tlog
c:\users\kristian\source\repos\lbe_dhm_combatsimulator\lbe_dhm_combatsimulator\x64\debug\lbe_dhm_.e5c8df6a.tlog\rc.command.1.tlog
c:\users\kristian\source\repos\lbe_dhm_combatsimulator\lbe_dhm_combatsimulator\x64\debug\lbe_dhm_.e5c8df6a.tlog\rc.read.1.tlog
c:\users\kristian\source\repos\lbe_dhm_combatsimulator\lbe_dhm_combatsimulator\x64\debug\lbe_dhm_.e5c8df6a.tlog\rc.write.1.tlog
